0 info it worked if it ends with ok
1 verbose cli [ '/usr/local/bin/node', '/usr/local/bin/npm', 'install' ]
2 info using npm@3.7.3
3 info using node@v5.8.0
4 silly loadCurrentTree Starting
5 silly install loadCurrentTree
6 silly install readLocalPackageData
7 silly install normalizeTree
8 silly loadCurrentTree Finishing
9 silly loadIdealTree Starting
10 silly install loadIdealTree
11 silly cloneCurrentTree Starting
12 silly install cloneCurrentTreeToIdealTree
13 silly cloneCurrentTree Finishing
14 silly loadShrinkwrap Starting
15 silly install loadShrinkwrap
16 silly loadShrinkwrap Finishing
17 silly loadAllDepsIntoIdealTree Starting
18 silly install loadAllDepsIntoIdealTree
19 silly fetchNamedPackageData fsevents
20 silly mapToRegistry name fsevents
21 silly mapToRegistry using default registry
22 silly mapToRegistry registry https://registry.npmjs.org/
23 silly mapToRegistry uri https://registry.npmjs.org/fsevents
24 verbose request uri https://registry.npmjs.org/fsevents
25 verbose request no auth needed
26 info attempt registry request try #1 at 23:12:36
27 verbose request id a7d7ab4bb9847bf3
28 verbose etag "6WG2IHJ3R1KBCEVEQH5157IQJ"
29 http request GET https://registry.npmjs.org/fsevents
30 http 304 https://registry.npmjs.org/fsevents
31 verbose headers { date: 'Mon, 02 May 2016 14:12:37 GMT',
31 verbose headers   via: '1.1 varnish',
31 verbose headers   'cache-control': 'max-age=300',
31 verbose headers   etag: '"6WG2IHJ3R1KBCEVEQH5157IQJ"',
31 verbose headers   age: '8',
31 verbose headers   connection: 'keep-alive',
31 verbose headers   'x-served-by': 'cache-ams4129-AMS',
31 verbose headers   'x-cache': 'HIT',
31 verbose headers   'x-cache-hits': '3',
31 verbose headers   'x-timer': 'S1462198357.076911,VS0,VE0',
31 verbose headers   vary: 'Accept-Encoding' }
32 silly get cb [ 304,
32 silly get   { date: 'Mon, 02 May 2016 14:12:37 GMT',
32 silly get     via: '1.1 varnish',
32 silly get     'cache-control': 'max-age=300',
32 silly get     etag: '"6WG2IHJ3R1KBCEVEQH5157IQJ"',
32 silly get     age: '8',
32 silly get     connection: 'keep-alive',
32 silly get     'x-served-by': 'cache-ams4129-AMS',
32 silly get     'x-cache': 'HIT',
32 silly get     'x-cache-hits': '3',
32 silly get     'x-timer': 'S1462198357.076911,VS0,VE0',
32 silly get     vary: 'Accept-Encoding' } ]
33 verbose etag https://registry.npmjs.org/fsevents from cache
34 verbose get saving fsevents to /home/taktes/.npm/registry.npmjs.org/fsevents/.cache.json
35 verbose correctMkdir /home/taktes/.npm correctMkdir not in flight; initializing
36 silly resolveWithNewModule fsevents@1.0.12 checking installable status
37 silly loadAllDepsIntoIdealTree Finishing
38 silly idealTree:prePrune exbugs@0.0.0
38 silly idealTree:prePrune ├── abbrev@1.0.7
38 silly idealTree:prePrune ├── accepts@1.2.13
38 silly idealTree:prePrune ├── acorn@1.2.2
38 silly idealTree:prePrune ├── amdefine@1.0.0
38 silly idealTree:prePrune ├── ansi-color@0.2.1
38 silly idealTree:prePrune ├── ansi-regex@2.0.0
38 silly idealTree:prePrune ├── ansi-styles@2.2.1
38 silly idealTree:prePrune ├── ansi@0.3.1
38 silly idealTree:prePrune ├── anymatch@1.3.0
38 silly idealTree:prePrune ├── anysort@1.0.1
38 silly idealTree:prePrune ├── are-we-there-yet@1.1.2
38 silly idealTree:prePrune ├── arr-diff@2.0.0
38 silly idealTree:prePrune ├── arr-flatten@1.0.1
38 silly idealTree:prePrune ├── array-find-index@1.0.1
38 silly idealTree:prePrune ├── array-flatten@1.1.1
38 silly idealTree:prePrune ├── array-index@1.0.0
38 silly idealTree:prePrune ├── array-unique@0.2.1
38 silly idealTree:prePrune ├── arrify@1.0.1
38 silly idealTree:prePrune ├── asap@1.0.0
38 silly idealTree:prePrune ├── asn1@0.2.3
38 silly idealTree:prePrune ├── assert-plus@0.2.0
38 silly idealTree:prePrune ├── async-each@0.1.6
38 silly idealTree:prePrune ├── async-foreach@0.1.3
38 silly idealTree:prePrune ├── async@0.2.10
38 silly idealTree:prePrune ├── aws-sign2@0.6.0
38 silly idealTree:prePrune ├── aws4@1.3.2
38 silly idealTree:prePrune ├── babel-brunch@6.0.4
38 silly idealTree:prePrune ├── babel-code-frame@6.7.7
38 silly idealTree:prePrune ├── babel-core@6.7.7
38 silly idealTree:prePrune ├── babel-generator@6.7.7
38 silly idealTree:prePrune ├── babel-helper-call-delegate@6.6.5
38 silly idealTree:prePrune ├── babel-helper-define-map@6.6.5
38 silly idealTree:prePrune ├── babel-helper-function-name@6.6.0
38 silly idealTree:prePrune ├── babel-helper-get-function-arity@6.6.5
38 silly idealTree:prePrune ├── babel-helper-hoist-variables@6.6.5
38 silly idealTree:prePrune ├── babel-helper-optimise-call-expression@6.6.0
38 silly idealTree:prePrune ├── babel-helper-regex@6.6.5
38 silly idealTree:prePrune ├── babel-helper-replace-supers@6.7.0
38 silly idealTree:prePrune ├── babel-helpers@6.6.0
38 silly idealTree:prePrune ├── babel-messages@6.7.2
38 silly idealTree:prePrune ├── babel-plugin-check-es2015-constants@6.7.2
38 silly idealTree:prePrune ├── babel-plugin-syntax-async-functions@6.5.0
38 silly idealTree:prePrune ├── babel-plugin-transform-es2015-arrow-functions@6.7.7
38 silly idealTree:prePrune ├── babel-plugin-transform-es2015-block-scoped-functions@6.6.5
38 silly idealTree:prePrune ├── babel-plugin-transform-es2015-block-scoping@6.7.1
38 silly idealTree:prePrune ├── babel-plugin-transform-es2015-classes@6.7.7
38 silly idealTree:prePrune ├── babel-plugin-transform-es2015-computed-properties@6.6.5
38 silly idealTree:prePrune ├── babel-plugin-transform-es2015-destructuring@6.6.5
38 silly idealTree:prePrune ├── babel-plugin-transform-es2015-duplicate-keys@6.6.4
38 silly idealTree:prePrune ├── babel-plugin-transform-es2015-for-of@6.6.0
38 silly idealTree:prePrune ├── babel-plugin-transform-es2015-function-name@6.5.0
38 silly idealTree:prePrune ├── babel-plugin-transform-es2015-literals@6.5.0
38 silly idealTree:prePrune ├── babel-plugin-transform-es2015-modules-commonjs@6.7.7
38 silly idealTree:prePrune ├── babel-plugin-transform-es2015-object-super@6.6.5
38 silly idealTree:prePrune ├── babel-plugin-transform-es2015-parameters@6.7.0
38 silly idealTree:prePrune ├── babel-plugin-transform-es2015-shorthand-properties@6.5.0
38 silly idealTree:prePrune ├── babel-plugin-transform-es2015-spread@6.6.5
38 silly idealTree:prePrune ├── babel-plugin-transform-es2015-sticky-regex@6.5.0
38 silly idealTree:prePrune ├── babel-plugin-transform-es2015-template-literals@6.6.5
38 silly idealTree:prePrune ├── babel-plugin-transform-es2015-typeof-symbol@6.6.0
38 silly idealTree:prePrune ├── babel-plugin-transform-es2015-unicode-regex@6.5.0
38 silly idealTree:prePrune ├── babel-plugin-transform-regenerator@6.6.5
38 silly idealTree:prePrune ├── babel-plugin-transform-strict-mode@6.6.5
38 silly idealTree:prePrune ├── babel-preset-es2015@6.6.0
38 silly idealTree:prePrune ├─┬ babel-register@6.7.2
38 silly idealTree:prePrune │ └── core-js@2.3.0
38 silly idealTree:prePrune ├── babel-runtime@5.8.38
38 silly idealTree:prePrune ├── babel-template@6.7.0
38 silly idealTree:prePrune ├── babel-traverse@6.7.6
38 silly idealTree:prePrune ├── babel-types@6.7.7
38 silly idealTree:prePrune ├── babylon@6.7.0
38 silly idealTree:prePrune ├── balanced-match@0.4.1
38 silly idealTree:prePrune ├── batch@0.2.1
38 silly idealTree:prePrune ├── binary-extensions@1.4.0
38 silly idealTree:prePrune ├─┬ bl@1.1.2
38 silly idealTree:prePrune │ └── readable-stream@2.0.6
38 silly idealTree:prePrune ├── block-stream@0.0.9
38 silly idealTree:prePrune ├── boom@2.10.1
38 silly idealTree:prePrune ├── brace-expansion@1.1.4
38 silly idealTree:prePrune ├── braces@1.8.4
38 silly idealTree:prePrune ├── browser-resolve@1.7.2
38 silly idealTree:prePrune ├── brunch@2.1.3
38 silly idealTree:prePrune ├── builtin-modules@1.1.1
38 silly idealTree:prePrune ├─┬ camelcase-keys@2.1.0
38 silly idealTree:prePrune │ └── camelcase@2.1.1
38 silly idealTree:prePrune ├── camelcase@1.2.1
38 silly idealTree:prePrune ├── caseless@0.11.0
38 silly idealTree:prePrune ├── cbify@1.0.0
38 silly idealTree:prePrune ├── chalk@1.1.3
38 silly idealTree:prePrune ├── charm@1.0.0
38 silly idealTree:prePrune ├─┬ chokidar@1.4.3
38 silly idealTree:prePrune │ └── async-each@1.0.0
38 silly idealTree:prePrune ├── clean-css-brunch@1.8.0
38 silly idealTree:prePrune ├─┬ clean-css@3.4.12
38 silly idealTree:prePrune │ ├── commander@2.8.1
38 silly idealTree:prePrune │ └── source-map@0.4.4
38 silly idealTree:prePrune ├── cliui@3.2.0
38 silly idealTree:prePrune ├── code-point-at@1.0.0
38 silly idealTree:prePrune ├── coffee-script-brunch@2.0.0
38 silly idealTree:prePrune ├── coffee-script@1.10.0
38 silly idealTree:prePrune ├── combined-stream@1.0.5
38 silly idealTree:prePrune ├── commander@2.9.0
38 silly idealTree:prePrune ├── commonjs-require-definition@0.2.2
38 silly idealTree:prePrune ├─┬ component-builder@0.10.1
38 silly idealTree:prePrune │ └── mkdirp@0.3.4
38 silly idealTree:prePrune ├── component-require@0.3.1
38 silly idealTree:prePrune ├── concat-map@0.0.1
38 silly idealTree:prePrune ├── config-chain@1.1.10
38 silly idealTree:prePrune ├── connect-slashes@1.3.1
38 silly idealTree:prePrune ├── content-disposition@0.5.1
38 silly idealTree:prePrune ├── content-type@1.0.1
38 silly idealTree:prePrune ├── convert-source-map@1.2.0
38 silly idealTree:prePrune ├── cookie-signature@1.0.6
38 silly idealTree:prePrune ├── cookie@0.1.5
38 silly idealTree:prePrune ├── core-js@1.2.6
38 silly idealTree:prePrune ├── core-util-is@1.0.2
38 silly idealTree:prePrune ├── cp@0.1.1
38 silly idealTree:prePrune ├── cross-spawn-async@2.2.2
38 silly idealTree:prePrune ├── cryptiles@2.0.5
38 silly idealTree:prePrune ├── css-brunch@1.7.0
38 silly idealTree:prePrune ├── d@0.1.1
38 silly idealTree:prePrune ├─┬ dashdash@1.13.1
38 silly idealTree:prePrune │ └── assert-plus@1.0.0
38 silly idealTree:prePrune ├── date-utils@1.2.21
38 silly idealTree:prePrune ├── debug@2.2.0
38 silly idealTree:prePrune ├── decamelize@1.2.0
38 silly idealTree:prePrune ├── deep-is@0.1.3
38 silly idealTree:prePrune ├── defined@1.0.0
38 silly idealTree:prePrune ├── delayed-stream@1.0.0
38 silly idealTree:prePrune ├── delegates@1.0.0
38 silly idealTree:prePrune ├── depd@1.1.0
38 silly idealTree:prePrune ├── destroy@1.0.4
38 silly idealTree:prePrune ├── detect-indent@3.0.1
38 silly idealTree:prePrune ├── detective@4.0.3
38 silly idealTree:prePrune ├── ecc-jsbn@0.1.1
38 silly idealTree:prePrune ├── ee-first@1.1.1
38 silly idealTree:prePrune ├── error-ex@1.3.0
38 silly idealTree:prePrune ├── es5-ext@0.10.11
38 silly idealTree:prePrune ├── es6-iterator@2.0.0
38 silly idealTree:prePrune ├── es6-symbol@3.0.2
38 silly idealTree:prePrune ├── escape-html@1.0.3
38 silly idealTree:prePrune ├── escape-string-regexp@1.0.5
38 silly idealTree:prePrune ├─┬ escodegen@1.8.0
38 silly idealTree:prePrune │ └── source-map@0.2.0
38 silly idealTree:prePrune ├── esprima@2.7.2
38 silly idealTree:prePrune ├── estraverse@1.9.3
38 silly idealTree:prePrune ├── esutils@2.0.2
38 silly idealTree:prePrune ├── etag@1.7.0
38 silly idealTree:prePrune ├── expand-brackets@0.1.5
38 silly idealTree:prePrune ├── expand-range@1.8.1
38 silly idealTree:prePrune ├── express@4.13.4
38 silly idealTree:prePrune ├── extend@3.0.0
38 silly idealTree:prePrune ├── extglob@0.3.2
38 silly idealTree:prePrune ├── extsprintf@1.0.2
38 silly idealTree:prePrune ├── fast-levenshtein@1.1.3
38 silly idealTree:prePrune ├── fcache@0.1.1
38 silly idealTree:prePrune ├── filename-regex@2.0.0
38 silly idealTree:prePrune ├── fill-range@2.2.3
38 silly idealTree:prePrune ├── finalhandler@0.4.1
38 silly idealTree:prePrune ├─┬ find-up@1.1.2
38 silly idealTree:prePrune │ └── path-exists@2.1.0
38 silly idealTree:prePrune ├── fn-args@1.0.0
38 silly idealTree:prePrune ├── for-in@0.1.5
38 silly idealTree:prePrune ├── for-own@0.1.4
38 silly idealTree:prePrune ├── forever-agent@0.6.1
38 silly idealTree:prePrune ├─┬ form-data@1.0.0-rc4
38 silly idealTree:prePrune │ └── async@1.5.2
38 silly idealTree:prePrune ├── forwarded@0.1.0
38 silly idealTree:prePrune ├── fresh@0.3.0
38 silly idealTree:prePrune ├── fs-mode@1.0.1
38 silly idealTree:prePrune ├── fstream@1.0.8
38 silly idealTree:prePrune ├── gauge@1.2.7
38 silly idealTree:prePrune ├── gaze@1.0.0
38 silly idealTree:prePrune ├── generate-function@2.0.0
38 silly idealTree:prePrune ├── generate-object-property@1.2.0
38 silly idealTree:prePrune ├── get-stdin@4.0.1
38 silly idealTree:prePrune ├─┬ getpass@0.1.6
38 silly idealTree:prePrune │ └── assert-plus@1.0.0
38 silly idealTree:prePrune ├── glob-base@0.3.0
38 silly idealTree:prePrune ├── glob-parent@2.0.0
38 silly idealTree:prePrune ├── glob@6.0.4
38 silly idealTree:prePrune ├── globals@8.18.0
38 silly idealTree:prePrune ├─┬ globule@0.2.0
38 silly idealTree:prePrune │ ├─┬ glob@3.2.11
38 silly idealTree:prePrune │ │ └── minimatch@0.3.0
38 silly idealTree:prePrune │ ├── lodash@2.4.2
38 silly idealTree:prePrune │ ├── lru-cache@2.7.3
38 silly idealTree:prePrune │ └── minimatch@0.2.14
38 silly idealTree:prePrune ├── graceful-fs@4.1.3
38 silly idealTree:prePrune ├── graceful-readlink@1.0.1
38 silly idealTree:prePrune ├── growl@1.8.1
38 silly idealTree:prePrune ├── har-validator@2.0.6
38 silly idealTree:prePrune ├── has-ansi@2.0.0
38 silly idealTree:prePrune ├── has-unicode@2.0.0
38 silly idealTree:prePrune ├── hawk@3.1.3
38 silly idealTree:prePrune ├── hoek@2.16.3
38 silly idealTree:prePrune ├── home-or-tmp@1.0.0
38 silly idealTree:prePrune ├── hosted-git-info@2.1.4
38 silly idealTree:prePrune ├── http-errors@1.3.1
38 silly idealTree:prePrune ├── http-signature@1.1.1
38 silly idealTree:prePrune ├── in-publish@2.0.0
38 silly idealTree:prePrune ├─┬ indent-string@2.1.0
38 silly idealTree:prePrune │ └── repeating@2.0.1
38 silly idealTree:prePrune ├── inflight@1.0.4
38 silly idealTree:prePrune ├── inherits@2.0.1
38 silly idealTree:prePrune ├── ini@1.3.4
38 silly idealTree:prePrune ├── init-skeleton@0.7.1
38 silly idealTree:prePrune ├── invariant@2.2.1
38 silly idealTree:prePrune ├── invert-kv@1.0.0
38 silly idealTree:prePrune ├── ipaddr.js@1.0.5
38 silly idealTree:prePrune ├── is-absolute@0.1.7
38 silly idealTree:prePrune ├── is-arrayish@0.2.1
38 silly idealTree:prePrune ├── is-binary-path@1.0.1
38 silly idealTree:prePrune ├── is-buffer@1.1.3
38 silly idealTree:prePrune ├── is-builtin-module@1.0.0
38 silly idealTree:prePrune ├── is-dotfile@1.0.2
38 silly idealTree:prePrune ├── is-equal-shallow@0.1.3
38 silly idealTree:prePrune ├── is-extendable@0.1.1
38 silly idealTree:prePrune ├── is-extglob@1.0.0
38 silly idealTree:prePrune ├── is-finite@1.0.1
38 silly idealTree:prePrune ├── is-fullwidth-code-point@1.0.0
38 silly idealTree:prePrune ├── is-glob@2.0.1
38 silly idealTree:prePrune ├── is-integer@1.0.6
38 silly idealTree:prePrune ├── is-my-json-valid@2.13.1
38 silly idealTree:prePrune ├── is-number@2.1.0
38 silly idealTree:prePrune ├── is-posix-bracket@0.1.1
38 silly idealTree:prePrune ├── is-primitive@2.0.0
38 silly idealTree:prePrune ├── is-property@1.0.2
38 silly idealTree:prePrune ├── is-relative@0.1.3
38 silly idealTree:prePrune ├── is-typedarray@1.0.0
38 silly idealTree:prePrune ├── is-utf8@0.2.1
38 silly idealTree:prePrune ├── isarray@1.0.0
38 silly idealTree:prePrune ├── isexe@1.1.2
38 silly idealTree:prePrune ├── isobject@2.1.0
38 silly idealTree:prePrune ├── isstream@0.1.2
38 silly idealTree:prePrune ├── javascript-brunch@1.8.0
38 silly idealTree:prePrune ├── jodid25519@1.0.2
38 silly idealTree:prePrune ├── js-tokens@1.0.3
38 silly idealTree:prePrune ├── jsbn@0.1.0
38 silly idealTree:prePrune ├── jsesc@0.5.0
38 silly idealTree:prePrune ├── json-schema@0.2.2
38 silly idealTree:prePrune ├── json-stringify-safe@5.0.1
38 silly idealTree:prePrune ├── json5@0.4.0
38 silly idealTree:prePrune ├── jsonpointer@2.0.0
38 silly idealTree:prePrune ├── jsprim@1.2.2
38 silly idealTree:prePrune ├── kind-of@3.0.2
38 silly idealTree:prePrune ├── lcid@1.0.0
38 silly idealTree:prePrune ├── levn@0.3.0
38 silly idealTree:prePrune ├── load-json-file@1.1.0
38 silly idealTree:prePrune ├── lodash._baseslice@4.0.0
38 silly idealTree:prePrune ├── lodash.pad@4.3.0
38 silly idealTree:prePrune ├── lodash.padend@4.4.0
38 silly idealTree:prePrune ├── lodash.padstart@4.4.0
38 silly idealTree:prePrune ├── lodash.tostring@4.1.2
38 silly idealTree:prePrune ├── lodash@3.10.1
38 silly idealTree:prePrune ├── loggy@0.2.2
38 silly idealTree:prePrune ├── loose-envify@1.1.0
38 silly idealTree:prePrune ├── loud-rejection@1.3.0
38 silly idealTree:prePrune ├── lru-cache@4.0.1
38 silly idealTree:prePrune ├── map-obj@1.0.1
38 silly idealTree:prePrune ├── media-typer@0.3.0
38 silly idealTree:prePrune ├── meow@3.7.0
38 silly idealTree:prePrune ├── merge-descriptors@1.0.1
38 silly idealTree:prePrune ├── methods@1.1.2
38 silly idealTree:prePrune ├── micromatch@2.3.8
38 silly idealTree:prePrune ├── mime-db@1.23.0
38 silly idealTree:prePrune ├── mime-types@2.1.11
38 silly idealTree:prePrune ├── mime@1.3.4
38 silly idealTree:prePrune ├── minimatch@2.0.10
38 silly idealTree:prePrune ├── minimist@1.2.0
38 silly idealTree:prePrune ├─┬ mkdirp@0.5.1
38 silly idealTree:prePrune │ └── minimist@0.0.8
38 silly idealTree:prePrune ├── ms@0.7.1
38 silly idealTree:prePrune ├── nan@2.3.2
38 silly idealTree:prePrune ├── ncp@2.0.0
38 silly idealTree:prePrune ├── negotiator@0.5.3
38 silly idealTree:prePrune ├─┬ node-gyp@3.3.1
38 silly idealTree:prePrune │ ├─┬ glob@4.5.3
38 silly idealTree:prePrune │ │ └── minimatch@2.0.10
38 silly idealTree:prePrune │ ├── lru-cache@2.7.3
38 silly idealTree:prePrune │ └── minimatch@1.0.0
38 silly idealTree:prePrune ├─┬ node-sass@3.6.0
38 silly idealTree:prePrune │ └── glob@7.0.3
38 silly idealTree:prePrune ├── node-uuid@1.4.7
38 silly idealTree:prePrune ├── nopt@3.0.6
38 silly idealTree:prePrune ├── normalize-package-data@2.3.5
38 silly idealTree:prePrune ├── normalize-path@2.0.1
38 silly idealTree:prePrune ├─┬ npmconf@2.1.2
38 silly idealTree:prePrune │ └── semver@4.3.6
38 silly idealTree:prePrune ├── npmlog@2.0.3
38 silly idealTree:prePrune ├── number-is-nan@1.0.0
38 silly idealTree:prePrune ├── oauth-sign@0.8.1
38 silly idealTree:prePrune ├── object-assign@4.0.1
38 silly idealTree:prePrune ├── object.omit@2.0.0
38 silly idealTree:prePrune ├── on-finished@2.3.0
38 silly idealTree:prePrune ├── once@1.3.3
38 silly idealTree:prePrune ├── optionator@0.8.1
38 silly idealTree:prePrune ├── os-homedir@1.0.1
38 silly idealTree:prePrune ├── os-locale@1.4.0
38 silly idealTree:prePrune ├── os-tmpdir@1.0.1
38 silly idealTree:prePrune ├── osenv@0.1.3
38 silly idealTree:prePrune ├── parse-glob@3.0.4
38 silly idealTree:prePrune ├── parse-json@2.2.0
38 silly idealTree:prePrune ├── parseurl@1.3.1
38 silly idealTree:prePrune ├── path-array@1.0.1
38 silly idealTree:prePrune ├── path-exists@1.0.0
38 silly idealTree:prePrune ├── path-is-absolute@1.0.0
38 silly idealTree:prePrune ├── path-to-regexp@0.1.7
38 silly idealTree:prePrune ├── path-type@1.1.0
38 silly idealTree:prePrune ├── phoenix_html@2.5.0
38 silly idealTree:prePrune ├── phoenix@1.1.4
38 silly idealTree:prePrune ├── pify@2.3.0
38 silly idealTree:prePrune ├── pinkie-promise@2.0.1
38 silly idealTree:prePrune ├── pinkie@2.0.4
38 silly idealTree:prePrune ├── prelude-ls@1.1.2
38 silly idealTree:prePrune ├── preserve@0.2.0
38 silly idealTree:prePrune ├── private@0.1.6
38 silly idealTree:prePrune ├── process-nextick-args@1.0.6
38 silly idealTree:prePrune ├── progeny@0.5.2
38 silly idealTree:prePrune ├── promise@6.1.0
38 silly idealTree:prePrune ├── proto-list@1.2.4
38 silly idealTree:prePrune ├── proxy-addr@1.0.10
38 silly idealTree:prePrune ├── pseudomap@1.0.2
38 silly idealTree:prePrune ├── pushserve@1.0.2
38 silly idealTree:prePrune ├── qs@4.0.0
38 silly idealTree:prePrune ├── quickly-copy-file@0.1.0
38 silly idealTree:prePrune ├── randomatic@1.1.5
38 silly idealTree:prePrune ├── range-parser@1.0.3
38 silly idealTree:prePrune ├── read-components@0.6.1
38 silly idealTree:prePrune ├── read-pkg-up@1.0.1
38 silly idealTree:prePrune ├── read-pkg@1.1.0
38 silly idealTree:prePrune ├── readable-stream@2.1.2
38 silly idealTree:prePrune ├── readdirp@2.0.0
38 silly idealTree:prePrune ├── redent@1.0.0
38 silly idealTree:prePrune ├── regenerate@1.2.1
38 silly idealTree:prePrune ├── regex-cache@0.4.3
38 silly idealTree:prePrune ├── regexpu-core@1.0.0
38 silly idealTree:prePrune ├── regjsgen@0.2.0
38 silly idealTree:prePrune ├── regjsparser@0.1.5
38 silly idealTree:prePrune ├── repeat-element@1.1.2
38 silly idealTree:prePrune ├── repeat-string@1.5.4
38 silly idealTree:prePrune ├── repeating@1.1.3
38 silly idealTree:prePrune ├─┬ request@2.72.0
38 silly idealTree:prePrune │ └── qs@6.1.0
38 silly idealTree:prePrune ├── resolve@1.1.5
38 silly idealTree:prePrune ├── rimraf@2.4.5
38 silly idealTree:prePrune ├── sass-brunch@1.9.2
38 silly idealTree:prePrune ├─┬ sass-graph@2.1.1
38 silly idealTree:prePrune │ ├── camelcase@2.1.1
38 silly idealTree:prePrune │ ├── lodash@4.11.1
38 silly idealTree:prePrune │ ├── window-size@0.1.4
38 silly idealTree:prePrune │ └── yargs@3.32.0
38 silly idealTree:prePrune ├── semver@5.1.0
38 silly idealTree:prePrune ├── send@0.13.1
38 silly idealTree:prePrune ├── serve-static@1.10.2
38 silly idealTree:prePrune ├── shebang-regex@1.0.0
38 silly idealTree:prePrune ├── sigmund@1.0.1
38 silly idealTree:prePrune ├── signal-exit@2.1.2
38 silly idealTree:prePrune ├── slash@1.0.0
38 silly idealTree:prePrune ├── sntp@1.0.9
38 silly idealTree:prePrune ├─┬ source-map-support@0.2.10
38 silly idealTree:prePrune │ └── source-map@0.1.32
38 silly idealTree:prePrune ├── source-map@0.5.5
38 silly idealTree:prePrune ├── spdx-correct@1.0.2
38 silly idealTree:prePrune ├── spdx-exceptions@1.0.4
38 silly idealTree:prePrune ├── spdx-expression-parse@1.0.2
38 silly idealTree:prePrune ├── spdx-license-ids@1.2.1
38 silly idealTree:prePrune ├─┬ sshpk@1.8.3
38 silly idealTree:prePrune │ └── assert-plus@1.0.0
38 silly idealTree:prePrune ├── statuses@1.2.1
38 silly idealTree:prePrune ├── string_decoder@0.10.31
38 silly idealTree:prePrune ├── string-to-js@0.0.1
38 silly idealTree:prePrune ├── string-width@1.0.1
38 silly idealTree:prePrune ├── stringstream@0.0.5
38 silly idealTree:prePrune ├── strip-ansi@3.0.1
38 silly idealTree:prePrune ├── strip-bom@2.0.0
38 silly idealTree:prePrune ├── strip-indent@1.0.1
38 silly idealTree:prePrune ├── supports-color@2.0.0
38 silly idealTree:prePrune ├── tar@2.2.1
38 silly idealTree:prePrune ├── tmp@0.0.28
38 silly idealTree:prePrune ├── to-fast-properties@1.0.2
38 silly idealTree:prePrune ├── tough-cookie@2.2.2
38 silly idealTree:prePrune ├── trim-newlines@1.0.0
38 silly idealTree:prePrune ├── trim-right@1.0.1
38 silly idealTree:prePrune ├── tunnel-agent@0.4.2
38 silly idealTree:prePrune ├── tweetnacl@0.13.3
38 silly idealTree:prePrune ├── type-check@0.3.2
38 silly idealTree:prePrune ├── type-is@1.6.12
38 silly idealTree:prePrune ├── uglify-js-brunch@1.7.8
38 silly idealTree:prePrune ├─┬ uglify-js@2.4.24
38 silly idealTree:prePrune │ └── source-map@0.1.34
38 silly idealTree:prePrune ├── uglify-to-browserify@1.0.2
38 silly idealTree:prePrune ├── uid-number@0.0.5
38 silly idealTree:prePrune ├── unpipe@1.0.0
38 silly idealTree:prePrune ├── user-home@1.1.1
38 silly idealTree:prePrune ├── util-deprecate@1.0.2
38 silly idealTree:prePrune ├── utils-merge@1.0.0
38 silly idealTree:prePrune ├── validate-npm-package-license@3.0.1
38 silly idealTree:prePrune ├── vary@1.0.1
38 silly idealTree:prePrune ├── verror@1.3.6
38 silly idealTree:prePrune ├── which@1.2.4
38 silly idealTree:prePrune ├── window-size@0.1.0
38 silly idealTree:prePrune ├── wordwrap@1.0.0
38 silly idealTree:prePrune ├── wrap-ansi@2.0.0
38 silly idealTree:prePrune ├── wrappy@1.0.1
38 silly idealTree:prePrune ├── xtend@4.0.1
38 silly idealTree:prePrune ├── y18n@3.2.1
38 silly idealTree:prePrune ├── yallist@2.0.0
38 silly idealTree:prePrune └─┬ yargs@3.5.4
38 silly idealTree:prePrune   └── wordwrap@0.0.2
39 silly loadIdealTree Finishing
40 silly currentTree exbugs@0.0.0
40 silly currentTree ├── abbrev@1.0.7
40 silly currentTree ├── accepts@1.2.13
40 silly currentTree ├── acorn@1.2.2
40 silly currentTree ├── amdefine@1.0.0
40 silly currentTree ├── ansi-color@0.2.1
40 silly currentTree ├── ansi-regex@2.0.0
40 silly currentTree ├── ansi-styles@2.2.1
40 silly currentTree ├── ansi@0.3.1
40 silly currentTree ├── anymatch@1.3.0
40 silly currentTree ├── anysort@1.0.1
40 silly currentTree ├── are-we-there-yet@1.1.2
40 silly currentTree ├── arr-diff@2.0.0
40 silly currentTree ├── arr-flatten@1.0.1
40 silly currentTree ├── array-find-index@1.0.1
40 silly currentTree ├── array-flatten@1.1.1
40 silly currentTree ├── array-index@1.0.0
40 silly currentTree ├── array-unique@0.2.1
40 silly currentTree ├── arrify@1.0.1
40 silly currentTree ├── asap@1.0.0
40 silly currentTree ├── asn1@0.2.3
40 silly currentTree ├── assert-plus@0.2.0
40 silly currentTree ├── async-each@0.1.6
40 silly currentTree ├── async-foreach@0.1.3
40 silly currentTree ├── async@0.2.10
40 silly currentTree ├── aws-sign2@0.6.0
40 silly currentTree ├── aws4@1.3.2
40 silly currentTree ├── babel-brunch@6.0.4
40 silly currentTree ├── babel-code-frame@6.7.7
40 silly currentTree ├── babel-core@6.7.7
40 silly currentTree ├── babel-generator@6.7.7
40 silly currentTree ├── babel-helper-call-delegate@6.6.5
40 silly currentTree ├── babel-helper-define-map@6.6.5
40 silly currentTree ├── babel-helper-function-name@6.6.0
40 silly currentTree ├── babel-helper-get-function-arity@6.6.5
40 silly currentTree ├── babel-helper-hoist-variables@6.6.5
40 silly currentTree ├── babel-helper-optimise-call-expression@6.6.0
40 silly currentTree ├── babel-helper-regex@6.6.5
40 silly currentTree ├── babel-helper-replace-supers@6.7.0
40 silly currentTree ├── babel-helpers@6.6.0
40 silly currentTree ├── babel-messages@6.7.2
40 silly currentTree ├── babel-plugin-check-es2015-constants@6.7.2
40 silly currentTree ├── babel-plugin-syntax-async-functions@6.5.0
40 silly currentTree ├── babel-plugin-transform-es2015-arrow-functions@6.7.7
40 silly currentTree ├── babel-plugin-transform-es2015-block-scoped-functions@6.6.5
40 silly currentTree ├── babel-plugin-transform-es2015-block-scoping@6.7.1
40 silly currentTree ├── babel-plugin-transform-es2015-classes@6.7.7
40 silly currentTree ├── babel-plugin-transform-es2015-computed-properties@6.6.5
40 silly currentTree ├── babel-plugin-transform-es2015-destructuring@6.6.5
40 silly currentTree ├── babel-plugin-transform-es2015-duplicate-keys@6.6.4
40 silly currentTree ├── babel-plugin-transform-es2015-for-of@6.6.0
40 silly currentTree ├── babel-plugin-transform-es2015-function-name@6.5.0
40 silly currentTree ├── babel-plugin-transform-es2015-literals@6.5.0
40 silly currentTree ├── babel-plugin-transform-es2015-modules-commonjs@6.7.7
40 silly currentTree ├── babel-plugin-transform-es2015-object-super@6.6.5
40 silly currentTree ├── babel-plugin-transform-es2015-parameters@6.7.0
40 silly currentTree ├── babel-plugin-transform-es2015-shorthand-properties@6.5.0
40 silly currentTree ├── babel-plugin-transform-es2015-spread@6.6.5
40 silly currentTree ├── babel-plugin-transform-es2015-sticky-regex@6.5.0
40 silly currentTree ├── babel-plugin-transform-es2015-template-literals@6.6.5
40 silly currentTree ├── babel-plugin-transform-es2015-typeof-symbol@6.6.0
40 silly currentTree ├── babel-plugin-transform-es2015-unicode-regex@6.5.0
40 silly currentTree ├── babel-plugin-transform-regenerator@6.6.5
40 silly currentTree ├── babel-plugin-transform-strict-mode@6.6.5
40 silly currentTree ├── babel-preset-es2015@6.6.0
40 silly currentTree ├─┬ babel-register@6.7.2
40 silly currentTree │ └── core-js@2.3.0
40 silly currentTree ├── babel-runtime@5.8.38
40 silly currentTree ├── babel-template@6.7.0
40 silly currentTree ├── babel-traverse@6.7.6
40 silly currentTree ├── babel-types@6.7.7
40 silly currentTree ├── babylon@6.7.0
40 silly currentTree ├── balanced-match@0.4.1
40 silly currentTree ├── batch@0.2.1
40 silly currentTree ├── binary-extensions@1.4.0
40 silly currentTree ├─┬ bl@1.1.2
40 silly currentTree │ └── readable-stream@2.0.6
40 silly currentTree ├── block-stream@0.0.9
40 silly currentTree ├── boom@2.10.1
40 silly currentTree ├── brace-expansion@1.1.4
40 silly currentTree ├── braces@1.8.4
40 silly currentTree ├── browser-resolve@1.7.2
40 silly currentTree ├── brunch@2.1.3
40 silly currentTree ├── builtin-modules@1.1.1
40 silly currentTree ├─┬ camelcase-keys@2.1.0
40 silly currentTree │ └── camelcase@2.1.1
40 silly currentTree ├── camelcase@1.2.1
40 silly currentTree ├── caseless@0.11.0
40 silly currentTree ├── cbify@1.0.0
40 silly currentTree ├── chalk@1.1.3
40 silly currentTree ├── charm@1.0.0
40 silly currentTree ├─┬ chokidar@1.4.3
40 silly currentTree │ └── async-each@1.0.0
40 silly currentTree ├── clean-css-brunch@1.8.0
40 silly currentTree ├─┬ clean-css@3.4.12
40 silly currentTree │ ├── commander@2.8.1
40 silly currentTree │ └── source-map@0.4.4
40 silly currentTree ├── cliui@3.2.0
40 silly currentTree ├── code-point-at@1.0.0
40 silly currentTree ├── coffee-script-brunch@2.0.0
40 silly currentTree ├── coffee-script@1.10.0
40 silly currentTree ├── combined-stream@1.0.5
40 silly currentTree ├── commander@2.9.0
40 silly currentTree ├── commonjs-require-definition@0.2.2
40 silly currentTree ├─┬ component-builder@0.10.1
40 silly currentTree │ └── mkdirp@0.3.4
40 silly currentTree ├── component-require@0.3.1
40 silly currentTree ├── concat-map@0.0.1
40 silly currentTree ├── config-chain@1.1.10
40 silly currentTree ├── connect-slashes@1.3.1
40 silly currentTree ├── content-disposition@0.5.1
40 silly currentTree ├── content-type@1.0.1
40 silly currentTree ├── convert-source-map@1.2.0
40 silly currentTree ├── cookie-signature@1.0.6
40 silly currentTree ├── cookie@0.1.5
40 silly currentTree ├── core-js@1.2.6
40 silly currentTree ├── core-util-is@1.0.2
40 silly currentTree ├── cp@0.1.1
40 silly currentTree ├── cross-spawn-async@2.2.2
40 silly currentTree ├── cryptiles@2.0.5
40 silly currentTree ├── css-brunch@1.7.0
40 silly currentTree ├── d@0.1.1
40 silly currentTree ├─┬ dashdash@1.13.1
40 silly currentTree │ └── assert-plus@1.0.0
40 silly currentTree ├── date-utils@1.2.21
40 silly currentTree ├── debug@2.2.0
40 silly currentTree ├── decamelize@1.2.0
40 silly currentTree ├── deep-is@0.1.3
40 silly currentTree ├── defined@1.0.0
40 silly currentTree ├── delayed-stream@1.0.0
40 silly currentTree ├── delegates@1.0.0
40 silly currentTree ├── depd@1.1.0
40 silly currentTree ├── destroy@1.0.4
40 silly currentTree ├── detect-indent@3.0.1
40 silly currentTree ├── detective@4.0.3
40 silly currentTree ├── ecc-jsbn@0.1.1
40 silly currentTree ├── ee-first@1.1.1
40 silly currentTree ├── error-ex@1.3.0
40 silly currentTree ├── es5-ext@0.10.11
40 silly currentTree ├── es6-iterator@2.0.0
40 silly currentTree ├── es6-symbol@3.0.2
40 silly currentTree ├── escape-html@1.0.3
40 silly currentTree ├── escape-string-regexp@1.0.5
40 silly currentTree ├─┬ escodegen@1.8.0
40 silly currentTree │ └── source-map@0.2.0
40 silly currentTree ├── esprima@2.7.2
40 silly currentTree ├── estraverse@1.9.3
40 silly currentTree ├── esutils@2.0.2
40 silly currentTree ├── etag@1.7.0
40 silly currentTree ├── expand-brackets@0.1.5
40 silly currentTree ├── expand-range@1.8.1
40 silly currentTree ├── express@4.13.4
40 silly currentTree ├── extend@3.0.0
40 silly currentTree ├── extglob@0.3.2
40 silly currentTree ├── extsprintf@1.0.2
40 silly currentTree ├── fast-levenshtein@1.1.3
40 silly currentTree ├── fcache@0.1.1
40 silly currentTree ├── filename-regex@2.0.0
40 silly currentTree ├── fill-range@2.2.3
40 silly currentTree ├── finalhandler@0.4.1
40 silly currentTree ├─┬ find-up@1.1.2
40 silly currentTree │ └── path-exists@2.1.0
40 silly currentTree ├── fn-args@1.0.0
40 silly currentTree ├── for-in@0.1.5
40 silly currentTree ├── for-own@0.1.4
40 silly currentTree ├── forever-agent@0.6.1
40 silly currentTree ├─┬ form-data@1.0.0-rc4
40 silly currentTree │ └── async@1.5.2
40 silly currentTree ├── forwarded@0.1.0
40 silly currentTree ├── fresh@0.3.0
40 silly currentTree ├── fs-mode@1.0.1
40 silly currentTree ├── fstream@1.0.8
40 silly currentTree ├── gauge@1.2.7
40 silly currentTree ├── gaze@1.0.0
40 silly currentTree ├── generate-function@2.0.0
40 silly currentTree ├── generate-object-property@1.2.0
40 silly currentTree ├── get-stdin@4.0.1
40 silly currentTree ├─┬ getpass@0.1.6
40 silly currentTree │ └── assert-plus@1.0.0
40 silly currentTree ├── glob-base@0.3.0
40 silly currentTree ├── glob-parent@2.0.0
40 silly currentTree ├── glob@6.0.4
40 silly currentTree ├── globals@8.18.0
40 silly currentTree ├─┬ globule@0.2.0
40 silly currentTree │ ├─┬ glob@3.2.11
40 silly currentTree │ │ └── minimatch@0.3.0
40 silly currentTree │ ├── lodash@2.4.2
40 silly currentTree │ ├── lru-cache@2.7.3
40 silly currentTree │ └── minimatch@0.2.14
40 silly currentTree ├── graceful-fs@4.1.3
40 silly currentTree ├── graceful-readlink@1.0.1
40 silly currentTree ├── growl@1.8.1
40 silly currentTree ├── har-validator@2.0.6
40 silly currentTree ├── has-ansi@2.0.0
40 silly currentTree ├── has-unicode@2.0.0
40 silly currentTree ├── hawk@3.1.3
40 silly currentTree ├── hoek@2.16.3
40 silly currentTree ├── home-or-tmp@1.0.0
40 silly currentTree ├── hosted-git-info@2.1.4
40 silly currentTree ├── http-errors@1.3.1
40 silly currentTree ├── http-signature@1.1.1
40 silly currentTree ├── in-publish@2.0.0
40 silly currentTree ├─┬ indent-string@2.1.0
40 silly currentTree │ └── repeating@2.0.1
40 silly currentTree ├── inflight@1.0.4
40 silly currentTree ├── inherits@2.0.1
40 silly currentTree ├── ini@1.3.4
40 silly currentTree ├── init-skeleton@0.7.1
40 silly currentTree ├── invariant@2.2.1
40 silly currentTree ├── invert-kv@1.0.0
40 silly currentTree ├── ipaddr.js@1.0.5
40 silly currentTree ├── is-absolute@0.1.7
40 silly currentTree ├── is-arrayish@0.2.1
40 silly currentTree ├── is-binary-path@1.0.1
40 silly currentTree ├── is-buffer@1.1.3
40 silly currentTree ├── is-builtin-module@1.0.0
40 silly currentTree ├── is-dotfile@1.0.2
40 silly currentTree ├── is-equal-shallow@0.1.3
40 silly currentTree ├── is-extendable@0.1.1
40 silly currentTree ├── is-extglob@1.0.0
40 silly currentTree ├── is-finite@1.0.1
40 silly currentTree ├── is-fullwidth-code-point@1.0.0
40 silly currentTree ├── is-glob@2.0.1
40 silly currentTree ├── is-integer@1.0.6
40 silly currentTree ├── is-my-json-valid@2.13.1
40 silly currentTree ├── is-number@2.1.0
40 silly currentTree ├── is-posix-bracket@0.1.1
40 silly currentTree ├── is-primitive@2.0.0
40 silly currentTree ├── is-property@1.0.2
40 silly currentTree ├── is-relative@0.1.3
40 silly currentTree ├── is-typedarray@1.0.0
40 silly currentTree ├── is-utf8@0.2.1
40 silly currentTree ├── isarray@1.0.0
40 silly currentTree ├── isexe@1.1.2
40 silly currentTree ├── isobject@2.1.0
40 silly currentTree ├── isstream@0.1.2
40 silly currentTree ├── javascript-brunch@1.8.0
40 silly currentTree ├── jodid25519@1.0.2
40 silly currentTree ├── js-tokens@1.0.3
40 silly currentTree ├── jsbn@0.1.0
40 silly currentTree ├── jsesc@0.5.0
40 silly currentTree ├── json-schema@0.2.2
40 silly currentTree ├── json-stringify-safe@5.0.1
40 silly currentTree ├── json5@0.4.0
40 silly currentTree ├── jsonpointer@2.0.0
40 silly currentTree ├── jsprim@1.2.2
40 silly currentTree ├── kind-of@3.0.2
40 silly currentTree ├── lcid@1.0.0
40 silly currentTree ├── levn@0.3.0
40 silly currentTree ├── load-json-file@1.1.0
40 silly currentTree ├── lodash._baseslice@4.0.0
40 silly currentTree ├── lodash.pad@4.3.0
40 silly currentTree ├── lodash.padend@4.4.0
40 silly currentTree ├── lodash.padstart@4.4.0
40 silly currentTree ├── lodash.tostring@4.1.2
40 silly currentTree ├── lodash@3.10.1
40 silly currentTree ├── loggy@0.2.2
40 silly currentTree ├── loose-envify@1.1.0
40 silly currentTree ├── loud-rejection@1.3.0
40 silly currentTree ├── lru-cache@4.0.1
40 silly currentTree ├── map-obj@1.0.1
40 silly currentTree ├── media-typer@0.3.0
40 silly currentTree ├── meow@3.7.0
40 silly currentTree ├── merge-descriptors@1.0.1
40 silly currentTree ├── methods@1.1.2
40 silly currentTree ├── micromatch@2.3.8
40 silly currentTree ├── mime-db@1.23.0
40 silly currentTree ├── mime-types@2.1.11
40 silly currentTree ├── mime@1.3.4
40 silly currentTree ├── minimatch@2.0.10
40 silly currentTree ├── minimist@1.2.0
40 silly currentTree ├─┬ mkdirp@0.5.1
40 silly currentTree │ └── minimist@0.0.8
40 silly currentTree ├── ms@0.7.1
40 silly currentTree ├── nan@2.3.2
40 silly currentTree ├── ncp@2.0.0
40 silly currentTree ├── negotiator@0.5.3
40 silly currentTree ├─┬ node-gyp@3.3.1
40 silly currentTree │ ├─┬ glob@4.5.3
40 silly currentTree │ │ └── minimatch@2.0.10
40 silly currentTree │ ├── lru-cache@2.7.3
40 silly currentTree │ └── minimatch@1.0.0
40 silly currentTree ├─┬ node-sass@3.6.0
40 silly currentTree │ └── glob@7.0.3
40 silly currentTree ├── node-uuid@1.4.7
40 silly currentTree ├── nopt@3.0.6
40 silly currentTree ├── normalize-package-data@2.3.5
40 silly currentTree ├── normalize-path@2.0.1
40 silly currentTree ├─┬ npmconf@2.1.2
40 silly currentTree │ └── semver@4.3.6
40 silly currentTree ├── npmlog@2.0.3
40 silly currentTree ├── number-is-nan@1.0.0
40 silly currentTree ├── oauth-sign@0.8.1
40 silly currentTree ├── object-assign@4.0.1
40 silly currentTree ├── object.omit@2.0.0
40 silly currentTree ├── on-finished@2.3.0
40 silly currentTree ├── once@1.3.3
40 silly currentTree ├── optionator@0.8.1
40 silly currentTree ├── os-homedir@1.0.1
40 silly currentTree ├── os-locale@1.4.0
40 silly currentTree ├── os-tmpdir@1.0.1
40 silly currentTree ├── osenv@0.1.3
40 silly currentTree ├── parse-glob@3.0.4
40 silly currentTree ├── parse-json@2.2.0
40 silly currentTree ├── parseurl@1.3.1
40 silly currentTree ├── path-array@1.0.1
40 silly currentTree ├── path-exists@1.0.0
40 silly currentTree ├── path-is-absolute@1.0.0
40 silly currentTree ├── path-to-regexp@0.1.7
40 silly currentTree ├── path-type@1.1.0
40 silly currentTree ├── phoenix_html@2.5.0
40 silly currentTree ├── phoenix@1.1.4
40 silly currentTree ├── pify@2.3.0
40 silly currentTree ├── pinkie-promise@2.0.1
40 silly currentTree ├── pinkie@2.0.4
40 silly currentTree ├── prelude-ls@1.1.2
40 silly currentTree ├── preserve@0.2.0
40 silly currentTree ├── private@0.1.6
40 silly currentTree ├── process-nextick-args@1.0.6
40 silly currentTree ├── progeny@0.5.2
40 silly currentTree ├── promise@6.1.0
40 silly currentTree ├── proto-list@1.2.4
40 silly currentTree ├── proxy-addr@1.0.10
40 silly currentTree ├── pseudomap@1.0.2
40 silly currentTree ├── pushserve@1.0.2
40 silly currentTree ├── qs@4.0.0
40 silly currentTree ├── quickly-copy-file@0.1.0
40 silly currentTree ├── randomatic@1.1.5
40 silly currentTree ├── range-parser@1.0.3
40 silly currentTree ├── read-components@0.6.1
40 silly currentTree ├── read-pkg-up@1.0.1
40 silly currentTree ├── read-pkg@1.1.0
40 silly currentTree ├── readable-stream@2.1.2
40 silly currentTree ├── readdirp@2.0.0
40 silly currentTree ├── redent@1.0.0
40 silly currentTree ├── regenerate@1.2.1
40 silly currentTree ├── regex-cache@0.4.3
40 silly currentTree ├── regexpu-core@1.0.0
40 silly currentTree ├── regjsgen@0.2.0
40 silly currentTree ├── regjsparser@0.1.5
40 silly currentTree ├── repeat-element@1.1.2
40 silly currentTree ├── repeat-string@1.5.4
40 silly currentTree ├── repeating@1.1.3
40 silly currentTree ├─┬ request@2.72.0
40 silly currentTree │ └── qs@6.1.0
40 silly currentTree ├── resolve@1.1.5
40 silly currentTree ├── rimraf@2.4.5
40 silly currentTree ├── sass-brunch@1.9.2
40 silly currentTree ├─┬ sass-graph@2.1.1
40 silly currentTree │ ├── camelcase@2.1.1
40 silly currentTree │ ├── lodash@4.11.1
40 silly currentTree │ ├── window-size@0.1.4
40 silly currentTree │ └── yargs@3.32.0
40 silly currentTree ├── semver@5.1.0
40 silly currentTree ├── send@0.13.1
40 silly currentTree ├── serve-static@1.10.2
40 silly currentTree ├── shebang-regex@1.0.0
40 silly currentTree ├── sigmund@1.0.1
40 silly currentTree ├── signal-exit@2.1.2
40 silly currentTree ├── slash@1.0.0
40 silly currentTree ├── sntp@1.0.9
40 silly currentTree ├─┬ source-map-support@0.2.10
40 silly currentTree │ └── source-map@0.1.32
40 silly currentTree ├── source-map@0.5.5
40 silly currentTree ├── spdx-correct@1.0.2
40 silly currentTree ├── spdx-exceptions@1.0.4
40 silly currentTree ├── spdx-expression-parse@1.0.2
40 silly currentTree ├── spdx-license-ids@1.2.1
40 silly currentTree ├─┬ sshpk@1.8.3
40 silly currentTree │ └── assert-plus@1.0.0
40 silly currentTree ├── statuses@1.2.1
40 silly currentTree ├── string_decoder@0.10.31
40 silly currentTree ├── string-to-js@0.0.1
40 silly currentTree ├── string-width@1.0.1
40 silly currentTree ├── stringstream@0.0.5
40 silly currentTree ├── strip-ansi@3.0.1
40 silly currentTree ├── strip-bom@2.0.0
40 silly currentTree ├── strip-indent@1.0.1
40 silly currentTree ├── supports-color@2.0.0
40 silly currentTree ├── tar@2.2.1
40 silly currentTree ├── tmp@0.0.28
40 silly currentTree ├── to-fast-properties@1.0.2
40 silly currentTree ├── tough-cookie@2.2.2
40 silly currentTree ├── trim-newlines@1.0.0
40 silly currentTree ├── trim-right@1.0.1
40 silly currentTree ├── tunnel-agent@0.4.2
40 silly currentTree ├── tweetnacl@0.13.3
40 silly currentTree ├── type-check@0.3.2
40 silly currentTree ├── type-is@1.6.12
40 silly currentTree ├── uglify-js-brunch@1.7.8
40 silly currentTree ├─┬ uglify-js@2.4.24
40 silly currentTree │ └── source-map@0.1.34
40 silly currentTree ├── uglify-to-browserify@1.0.2
40 silly currentTree ├── uid-number@0.0.5
40 silly currentTree ├── unpipe@1.0.0
40 silly currentTree ├── user-home@1.1.1
40 silly currentTree ├── util-deprecate@1.0.2
40 silly currentTree ├── utils-merge@1.0.0
40 silly currentTree ├── validate-npm-package-license@3.0.1
40 silly currentTree ├── vary@1.0.1
40 silly currentTree ├── verror@1.3.6
40 silly currentTree ├── which@1.2.4
40 silly currentTree ├── window-size@0.1.0
40 silly currentTree ├── wordwrap@1.0.0
40 silly currentTree ├── wrap-ansi@2.0.0
40 silly currentTree ├── wrappy@1.0.1
40 silly currentTree ├── xtend@4.0.1
40 silly currentTree ├── y18n@3.2.1
40 silly currentTree ├── yallist@2.0.0
40 silly currentTree └─┬ yargs@3.5.4
40 silly currentTree   └── wordwrap@0.0.2
41 silly idealTree exbugs@0.0.0
41 silly idealTree ├── abbrev@1.0.7
41 silly idealTree ├── accepts@1.2.13
41 silly idealTree ├── acorn@1.2.2
41 silly idealTree ├── amdefine@1.0.0
41 silly idealTree ├── ansi-color@0.2.1
41 silly idealTree ├── ansi-regex@2.0.0
41 silly idealTree ├── ansi-styles@2.2.1
41 silly idealTree ├── ansi@0.3.1
41 silly idealTree ├── anymatch@1.3.0
41 silly idealTree ├── anysort@1.0.1
41 silly idealTree ├── are-we-there-yet@1.1.2
41 silly idealTree ├── arr-diff@2.0.0
41 silly idealTree ├── arr-flatten@1.0.1
41 silly idealTree ├── array-find-index@1.0.1
41 silly idealTree ├── array-flatten@1.1.1
41 silly idealTree ├── array-index@1.0.0
41 silly idealTree ├── array-unique@0.2.1
41 silly idealTree ├── arrify@1.0.1
41 silly idealTree ├── asap@1.0.0
41 silly idealTree ├── asn1@0.2.3
41 silly idealTree ├── assert-plus@0.2.0
41 silly idealTree ├── async-each@0.1.6
41 silly idealTree ├── async-foreach@0.1.3
41 silly idealTree ├── async@0.2.10
41 silly idealTree ├── aws-sign2@0.6.0
41 silly idealTree ├── aws4@1.3.2
41 silly idealTree ├── babel-brunch@6.0.4
41 silly idealTree ├── babel-code-frame@6.7.7
41 silly idealTree ├── babel-core@6.7.7
41 silly idealTree ├── babel-generator@6.7.7
41 silly idealTree ├── babel-helper-call-delegate@6.6.5
41 silly idealTree ├── babel-helper-define-map@6.6.5
41 silly idealTree ├── babel-helper-function-name@6.6.0
41 silly idealTree ├── babel-helper-get-function-arity@6.6.5
41 silly idealTree ├── babel-helper-hoist-variables@6.6.5
41 silly idealTree ├── babel-helper-optimise-call-expression@6.6.0
41 silly idealTree ├── babel-helper-regex@6.6.5
41 silly idealTree ├── babel-helper-replace-supers@6.7.0
41 silly idealTree ├── babel-helpers@6.6.0
41 silly idealTree ├── babel-messages@6.7.2
41 silly idealTree ├── babel-plugin-check-es2015-constants@6.7.2
41 silly idealTree ├── babel-plugin-syntax-async-functions@6.5.0
41 silly idealTree ├── babel-plugin-transform-es2015-arrow-functions@6.7.7
41 silly idealTree ├── babel-plugin-transform-es2015-block-scoped-functions@6.6.5
41 silly idealTree ├── babel-plugin-transform-es2015-block-scoping@6.7.1
41 silly idealTree ├── babel-plugin-transform-es2015-classes@6.7.7
41 silly idealTree ├── babel-plugin-transform-es2015-computed-properties@6.6.5
41 silly idealTree ├── babel-plugin-transform-es2015-destructuring@6.6.5
41 silly idealTree ├── babel-plugin-transform-es2015-duplicate-keys@6.6.4
41 silly idealTree ├── babel-plugin-transform-es2015-for-of@6.6.0
41 silly idealTree ├── babel-plugin-transform-es2015-function-name@6.5.0
41 silly idealTree ├── babel-plugin-transform-es2015-literals@6.5.0
41 silly idealTree ├── babel-plugin-transform-es2015-modules-commonjs@6.7.7
41 silly idealTree ├── babel-plugin-transform-es2015-object-super@6.6.5
41 silly idealTree ├── babel-plugin-transform-es2015-parameters@6.7.0
41 silly idealTree ├── babel-plugin-transform-es2015-shorthand-properties@6.5.0
41 silly idealTree ├── babel-plugin-transform-es2015-spread@6.6.5
41 silly idealTree ├── babel-plugin-transform-es2015-sticky-regex@6.5.0
41 silly idealTree ├── babel-plugin-transform-es2015-template-literals@6.6.5
41 silly idealTree ├── babel-plugin-transform-es2015-typeof-symbol@6.6.0
41 silly idealTree ├── babel-plugin-transform-es2015-unicode-regex@6.5.0
41 silly idealTree ├── babel-plugin-transform-regenerator@6.6.5
41 silly idealTree ├── babel-plugin-transform-strict-mode@6.6.5
41 silly idealTree ├── babel-preset-es2015@6.6.0
41 silly idealTree ├─┬ babel-register@6.7.2
41 silly idealTree │ └── core-js@2.3.0
41 silly idealTree ├── babel-runtime@5.8.38
41 silly idealTree ├── babel-template@6.7.0
41 silly idealTree ├── babel-traverse@6.7.6
41 silly idealTree ├── babel-types@6.7.7
41 silly idealTree ├── babylon@6.7.0
41 silly idealTree ├── balanced-match@0.4.1
41 silly idealTree ├── batch@0.2.1
41 silly idealTree ├── binary-extensions@1.4.0
41 silly idealTree ├─┬ bl@1.1.2
41 silly idealTree │ └── readable-stream@2.0.6
41 silly idealTree ├── block-stream@0.0.9
41 silly idealTree ├── boom@2.10.1
41 silly idealTree ├── brace-expansion@1.1.4
41 silly idealTree ├── braces@1.8.4
41 silly idealTree ├── browser-resolve@1.7.2
41 silly idealTree ├── brunch@2.1.3
41 silly idealTree ├── builtin-modules@1.1.1
41 silly idealTree ├─┬ camelcase-keys@2.1.0
41 silly idealTree │ └── camelcase@2.1.1
41 silly idealTree ├── camelcase@1.2.1
41 silly idealTree ├── caseless@0.11.0
41 silly idealTree ├── cbify@1.0.0
41 silly idealTree ├── chalk@1.1.3
41 silly idealTree ├── charm@1.0.0
41 silly idealTree ├─┬ chokidar@1.4.3
41 silly idealTree │ └── async-each@1.0.0
41 silly idealTree ├── clean-css-brunch@1.8.0
41 silly idealTree ├─┬ clean-css@3.4.12
41 silly idealTree │ ├── commander@2.8.1
41 silly idealTree │ └── source-map@0.4.4
41 silly idealTree ├── cliui@3.2.0
41 silly idealTree ├── code-point-at@1.0.0
41 silly idealTree ├── coffee-script-brunch@2.0.0
41 silly idealTree ├── coffee-script@1.10.0
41 silly idealTree ├── combined-stream@1.0.5
41 silly idealTree ├── commander@2.9.0
41 silly idealTree ├── commonjs-require-definition@0.2.2
41 silly idealTree ├─┬ component-builder@0.10.1
41 silly idealTree │ └── mkdirp@0.3.4
41 silly idealTree ├── component-require@0.3.1
41 silly idealTree ├── concat-map@0.0.1
41 silly idealTree ├── config-chain@1.1.10
41 silly idealTree ├── connect-slashes@1.3.1
41 silly idealTree ├── content-disposition@0.5.1
41 silly idealTree ├── content-type@1.0.1
41 silly idealTree ├── convert-source-map@1.2.0
41 silly idealTree ├── cookie-signature@1.0.6
41 silly idealTree ├── cookie@0.1.5
41 silly idealTree ├── core-js@1.2.6
41 silly idealTree ├── core-util-is@1.0.2
41 silly idealTree ├── cp@0.1.1
41 silly idealTree ├── cross-spawn-async@2.2.2
41 silly idealTree ├── cryptiles@2.0.5
41 silly idealTree ├── css-brunch@1.7.0
41 silly idealTree ├── d@0.1.1
41 silly idealTree ├─┬ dashdash@1.13.1
41 silly idealTree │ └── assert-plus@1.0.0
41 silly idealTree ├── date-utils@1.2.21
41 silly idealTree ├── debug@2.2.0
41 silly idealTree ├── decamelize@1.2.0
41 silly idealTree ├── deep-is@0.1.3
41 silly idealTree ├── defined@1.0.0
41 silly idealTree ├── delayed-stream@1.0.0
41 silly idealTree ├── delegates@1.0.0
41 silly idealTree ├── depd@1.1.0
41 silly idealTree ├── destroy@1.0.4
41 silly idealTree ├── detect-indent@3.0.1
41 silly idealTree ├── detective@4.0.3
41 silly idealTree ├── ecc-jsbn@0.1.1
41 silly idealTree ├── ee-first@1.1.1
41 silly idealTree ├── error-ex@1.3.0
41 silly idealTree ├── es5-ext@0.10.11
41 silly idealTree ├── es6-iterator@2.0.0
41 silly idealTree ├── es6-symbol@3.0.2
41 silly idealTree ├── escape-html@1.0.3
41 silly idealTree ├── escape-string-regexp@1.0.5
41 silly idealTree ├─┬ escodegen@1.8.0
41 silly idealTree │ └── source-map@0.2.0
41 silly idealTree ├── esprima@2.7.2
41 silly idealTree ├── estraverse@1.9.3
41 silly idealTree ├── esutils@2.0.2
41 silly idealTree ├── etag@1.7.0
41 silly idealTree ├── expand-brackets@0.1.5
41 silly idealTree ├── expand-range@1.8.1
41 silly idealTree ├── express@4.13.4
41 silly idealTree ├── extend@3.0.0
41 silly idealTree ├── extglob@0.3.2
41 silly idealTree ├── extsprintf@1.0.2
41 silly idealTree ├── fast-levenshtein@1.1.3
41 silly idealTree ├── fcache@0.1.1
41 silly idealTree ├── filename-regex@2.0.0
41 silly idealTree ├── fill-range@2.2.3
41 silly idealTree ├── finalhandler@0.4.1
41 silly idealTree ├─┬ find-up@1.1.2
41 silly idealTree │ └── path-exists@2.1.0
41 silly idealTree ├── fn-args@1.0.0
41 silly idealTree ├── for-in@0.1.5
41 silly idealTree ├── for-own@0.1.4
41 silly idealTree ├── forever-agent@0.6.1
41 silly idealTree ├─┬ form-data@1.0.0-rc4
41 silly idealTree │ └── async@1.5.2
41 silly idealTree ├── forwarded@0.1.0
41 silly idealTree ├── fresh@0.3.0
41 silly idealTree ├── fs-mode@1.0.1
41 silly idealTree ├── fstream@1.0.8
41 silly idealTree ├── gauge@1.2.7
41 silly idealTree ├── gaze@1.0.0
41 silly idealTree ├── generate-function@2.0.0
41 silly idealTree ├── generate-object-property@1.2.0
41 silly idealTree ├── get-stdin@4.0.1
41 silly idealTree ├─┬ getpass@0.1.6
41 silly idealTree │ └── assert-plus@1.0.0
41 silly idealTree ├── glob-base@0.3.0
41 silly idealTree ├── glob-parent@2.0.0
41 silly idealTree ├── glob@6.0.4
41 silly idealTree ├── globals@8.18.0
41 silly idealTree ├─┬ globule@0.2.0
41 silly idealTree │ ├─┬ glob@3.2.11
41 silly idealTree │ │ └── minimatch@0.3.0
41 silly idealTree │ ├── lodash@2.4.2
41 silly idealTree │ ├── lru-cache@2.7.3
41 silly idealTree │ └── minimatch@0.2.14
41 silly idealTree ├── graceful-fs@4.1.3
41 silly idealTree ├── graceful-readlink@1.0.1
41 silly idealTree ├── growl@1.8.1
41 silly idealTree ├── har-validator@2.0.6
41 silly idealTree ├── has-ansi@2.0.0
41 silly idealTree ├── has-unicode@2.0.0
41 silly idealTree ├── hawk@3.1.3
41 silly idealTree ├── hoek@2.16.3
41 silly idealTree ├── home-or-tmp@1.0.0
41 silly idealTree ├── hosted-git-info@2.1.4
41 silly idealTree ├── http-errors@1.3.1
41 silly idealTree ├── http-signature@1.1.1
41 silly idealTree ├── in-publish@2.0.0
41 silly idealTree ├─┬ indent-string@2.1.0
41 silly idealTree │ └── repeating@2.0.1
41 silly idealTree ├── inflight@1.0.4
41 silly idealTree ├── inherits@2.0.1
41 silly idealTree ├── ini@1.3.4
41 silly idealTree ├── init-skeleton@0.7.1
41 silly idealTree ├── invariant@2.2.1
41 silly idealTree ├── invert-kv@1.0.0
41 silly idealTree ├── ipaddr.js@1.0.5
41 silly idealTree ├── is-absolute@0.1.7
41 silly idealTree ├── is-arrayish@0.2.1
41 silly idealTree ├── is-binary-path@1.0.1
41 silly idealTree ├── is-buffer@1.1.3
41 silly idealTree ├── is-builtin-module@1.0.0
41 silly idealTree ├── is-dotfile@1.0.2
41 silly idealTree ├── is-equal-shallow@0.1.3
41 silly idealTree ├── is-extendable@0.1.1
41 silly idealTree ├── is-extglob@1.0.0
41 silly idealTree ├── is-finite@1.0.1
41 silly idealTree ├── is-fullwidth-code-point@1.0.0
41 silly idealTree ├── is-glob@2.0.1
41 silly idealTree ├── is-integer@1.0.6
41 silly idealTree ├── is-my-json-valid@2.13.1
41 silly idealTree ├── is-number@2.1.0
41 silly idealTree ├── is-posix-bracket@0.1.1
41 silly idealTree ├── is-primitive@2.0.0
41 silly idealTree ├── is-property@1.0.2
41 silly idealTree ├── is-relative@0.1.3
41 silly idealTree ├── is-typedarray@1.0.0
41 silly idealTree ├── is-utf8@0.2.1
41 silly idealTree ├── isarray@1.0.0
41 silly idealTree ├── isexe@1.1.2
41 silly idealTree ├── isobject@2.1.0
41 silly idealTree ├── isstream@0.1.2
41 silly idealTree ├── javascript-brunch@1.8.0
41 silly idealTree ├── jodid25519@1.0.2
41 silly idealTree ├── js-tokens@1.0.3
41 silly idealTree ├── jsbn@0.1.0
41 silly idealTree ├── jsesc@0.5.0
41 silly idealTree ├── json-schema@0.2.2
41 silly idealTree ├── json-stringify-safe@5.0.1
41 silly idealTree ├── json5@0.4.0
41 silly idealTree ├── jsonpointer@2.0.0
41 silly idealTree ├── jsprim@1.2.2
41 silly idealTree ├── kind-of@3.0.2
41 silly idealTree ├── lcid@1.0.0
41 silly idealTree ├── levn@0.3.0
41 silly idealTree ├── load-json-file@1.1.0
41 silly idealTree ├── lodash._baseslice@4.0.0
41 silly idealTree ├── lodash.pad@4.3.0
41 silly idealTree ├── lodash.padend@4.4.0
41 silly idealTree ├── lodash.padstart@4.4.0
41 silly idealTree ├── lodash.tostring@4.1.2
41 silly idealTree ├── lodash@3.10.1
41 silly idealTree ├── loggy@0.2.2
41 silly idealTree ├── loose-envify@1.1.0
41 silly idealTree ├── loud-rejection@1.3.0
41 silly idealTree ├── lru-cache@4.0.1
41 silly idealTree ├── map-obj@1.0.1
41 silly idealTree ├── media-typer@0.3.0
41 silly idealTree ├── meow@3.7.0
41 silly idealTree ├── merge-descriptors@1.0.1
41 silly idealTree ├── methods@1.1.2
41 silly idealTree ├── micromatch@2.3.8
41 silly idealTree ├── mime-db@1.23.0
41 silly idealTree ├── mime-types@2.1.11
41 silly idealTree ├── mime@1.3.4
41 silly idealTree ├── minimatch@2.0.10
41 silly idealTree ├── minimist@1.2.0
41 silly idealTree ├─┬ mkdirp@0.5.1
41 silly idealTree │ └── minimist@0.0.8
41 silly idealTree ├── ms@0.7.1
41 silly idealTree ├── nan@2.3.2
41 silly idealTree ├── ncp@2.0.0
41 silly idealTree ├── negotiator@0.5.3
41 silly idealTree ├─┬ node-gyp@3.3.1
41 silly idealTree │ ├─┬ glob@4.5.3
41 silly idealTree │ │ └── minimatch@2.0.10
41 silly idealTree │ ├── lru-cache@2.7.3
41 silly idealTree │ └── minimatch@1.0.0
41 silly idealTree ├─┬ node-sass@3.6.0
41 silly idealTree │ └── glob@7.0.3
41 silly idealTree ├── node-uuid@1.4.7
41 silly idealTree ├── nopt@3.0.6
41 silly idealTree ├── normalize-package-data@2.3.5
41 silly idealTree ├── normalize-path@2.0.1
41 silly idealTree ├─┬ npmconf@2.1.2
41 silly idealTree │ └── semver@4.3.6
41 silly idealTree ├── npmlog@2.0.3
41 silly idealTree ├── number-is-nan@1.0.0
41 silly idealTree ├── oauth-sign@0.8.1
41 silly idealTree ├── object-assign@4.0.1
41 silly idealTree ├── object.omit@2.0.0
41 silly idealTree ├── on-finished@2.3.0
41 silly idealTree ├── once@1.3.3
41 silly idealTree ├── optionator@0.8.1
41 silly idealTree ├── os-homedir@1.0.1
41 silly idealTree ├── os-locale@1.4.0
41 silly idealTree ├── os-tmpdir@1.0.1
41 silly idealTree ├── osenv@0.1.3
41 silly idealTree ├── parse-glob@3.0.4
41 silly idealTree ├── parse-json@2.2.0
41 silly idealTree ├── parseurl@1.3.1
41 silly idealTree ├── path-array@1.0.1
41 silly idealTree ├── path-exists@1.0.0
41 silly idealTree ├── path-is-absolute@1.0.0
41 silly idealTree ├── path-to-regexp@0.1.7
41 silly idealTree ├── path-type@1.1.0
41 silly idealTree ├── phoenix_html@2.5.0
41 silly idealTree ├── phoenix@1.1.4
41 silly idealTree ├── pify@2.3.0
41 silly idealTree ├── pinkie-promise@2.0.1
41 silly idealTree ├── pinkie@2.0.4
41 silly idealTree ├── prelude-ls@1.1.2
41 silly idealTree ├── preserve@0.2.0
41 silly idealTree ├── private@0.1.6
41 silly idealTree ├── process-nextick-args@1.0.6
41 silly idealTree ├── progeny@0.5.2
41 silly idealTree ├── promise@6.1.0
41 silly idealTree ├── proto-list@1.2.4
41 silly idealTree ├── proxy-addr@1.0.10
41 silly idealTree ├── pseudomap@1.0.2
41 silly idealTree ├── pushserve@1.0.2
41 silly idealTree ├── qs@4.0.0
41 silly idealTree ├── quickly-copy-file@0.1.0
41 silly idealTree ├── randomatic@1.1.5
41 silly idealTree ├── range-parser@1.0.3
41 silly idealTree ├── read-components@0.6.1
41 silly idealTree ├── read-pkg-up@1.0.1
41 silly idealTree ├── read-pkg@1.1.0
41 silly idealTree ├── readable-stream@2.1.2
41 silly idealTree ├── readdirp@2.0.0
41 silly idealTree ├── redent@1.0.0
41 silly idealTree ├── regenerate@1.2.1
41 silly idealTree ├── regex-cache@0.4.3
41 silly idealTree ├── regexpu-core@1.0.0
41 silly idealTree ├── regjsgen@0.2.0
41 silly idealTree ├── regjsparser@0.1.5
41 silly idealTree ├── repeat-element@1.1.2
41 silly idealTree ├── repeat-string@1.5.4
41 silly idealTree ├── repeating@1.1.3
41 silly idealTree ├─┬ request@2.72.0
41 silly idealTree │ └── qs@6.1.0
41 silly idealTree ├── resolve@1.1.5
41 silly idealTree ├── rimraf@2.4.5
41 silly idealTree ├── sass-brunch@1.9.2
41 silly idealTree ├─┬ sass-graph@2.1.1
41 silly idealTree │ ├── camelcase@2.1.1
41 silly idealTree │ ├── lodash@4.11.1
41 silly idealTree │ ├── window-size@0.1.4
41 silly idealTree │ └── yargs@3.32.0
41 silly idealTree ├── semver@5.1.0
41 silly idealTree ├── send@0.13.1
41 silly idealTree ├── serve-static@1.10.2
41 silly idealTree ├── shebang-regex@1.0.0
41 silly idealTree ├── sigmund@1.0.1
41 silly idealTree ├── signal-exit@2.1.2
41 silly idealTree ├── slash@1.0.0
41 silly idealTree ├── sntp@1.0.9
41 silly idealTree ├─┬ source-map-support@0.2.10
41 silly idealTree │ └── source-map@0.1.32
41 silly idealTree ├── source-map@0.5.5
41 silly idealTree ├── spdx-correct@1.0.2
41 silly idealTree ├── spdx-exceptions@1.0.4
41 silly idealTree ├── spdx-expression-parse@1.0.2
41 silly idealTree ├── spdx-license-ids@1.2.1
41 silly idealTree ├─┬ sshpk@1.8.3
41 silly idealTree │ └── assert-plus@1.0.0
41 silly idealTree ├── statuses@1.2.1
41 silly idealTree ├── string_decoder@0.10.31
41 silly idealTree ├── string-to-js@0.0.1
41 silly idealTree ├── string-width@1.0.1
41 silly idealTree ├── stringstream@0.0.5
41 silly idealTree ├── strip-ansi@3.0.1
41 silly idealTree ├── strip-bom@2.0.0
41 silly idealTree ├── strip-indent@1.0.1
41 silly idealTree ├── supports-color@2.0.0
41 silly idealTree ├── tar@2.2.1
41 silly idealTree ├── tmp@0.0.28
41 silly idealTree ├── to-fast-properties@1.0.2
41 silly idealTree ├── tough-cookie@2.2.2
41 silly idealTree ├── trim-newlines@1.0.0
41 silly idealTree ├── trim-right@1.0.1
41 silly idealTree ├── tunnel-agent@0.4.2
41 silly idealTree ├── tweetnacl@0.13.3
41 silly idealTree ├── type-check@0.3.2
41 silly idealTree ├── type-is@1.6.12
41 silly idealTree ├── uglify-js-brunch@1.7.8
41 silly idealTree ├─┬ uglify-js@2.4.24
41 silly idealTree │ └── source-map@0.1.34
41 silly idealTree ├── uglify-to-browserify@1.0.2
41 silly idealTree ├── uid-number@0.0.5
41 silly idealTree ├── unpipe@1.0.0
41 silly idealTree ├── user-home@1.1.1
41 silly idealTree ├── util-deprecate@1.0.2
41 silly idealTree ├── utils-merge@1.0.0
41 silly idealTree ├── validate-npm-package-license@3.0.1
41 silly idealTree ├── vary@1.0.1
41 silly idealTree ├── verror@1.3.6
41 silly idealTree ├── which@1.2.4
41 silly idealTree ├── window-size@0.1.0
41 silly idealTree ├── wordwrap@1.0.0
41 silly idealTree ├── wrap-ansi@2.0.0
41 silly idealTree ├── wrappy@1.0.1
41 silly idealTree ├── xtend@4.0.1
41 silly idealTree ├── y18n@3.2.1
41 silly idealTree ├── yallist@2.0.0
41 silly idealTree └─┬ yargs@3.5.4
41 silly idealTree   └── wordwrap@0.0.2
42 silly generateActionsToTake Starting
43 silly install generateActionsToTake
44 silly generateActionsToTake Finishing
45 silly diffTrees action count 0
46 silly decomposeActions action count 0
47 silly executeActions Starting
48 silly install executeActions
49 silly doSerial global-install 0
50 silly doParallel fetch 0
51 verbose correctMkdir /home/taktes/.npm/_locks correctMkdir not in flight; initializing
52 verbose lock using /home/taktes/.npm/_locks/staging-f0a887498739e908.lock for /home/taktes/elixir/exbugs/node_modules/.staging
53 verbose unlock done using /home/taktes/.npm/_locks/staging-f0a887498739e908.lock for /home/taktes/elixir/exbugs/node_modules/.staging
54 silly rollbackFailedOptional Starting
55 silly rollbackFailedOptional Finishing
56 silly runTopLevelLifecycles Starting
57 silly runTopLevelLifecycles Finishing
58 silly install printInstalled
59 warn optional Skipping failed optional dependency /chokidar/fsevents:
60 warn notsup Not compatible with your operating system or architecture: fsevents@1.0.12
61 verbose stack Error: EACCES: permission denied, mkdir '/home/taktes/elixir/exbugs/node_modules/.staging'
61 verbose stack     at Error (native)
62 verbose cwd /home/taktes/elixir/exbugs
63 error Linux 3.13.0-85-generic
64 error argv "/usr/local/bin/node" "/usr/local/bin/npm" "install"
65 error node v5.8.0
66 error npm  v3.7.3
67 error path /home/taktes/elixir/exbugs/node_modules/.staging
68 error code EACCES
69 error errno -13
70 error syscall mkdir
71 error Error: EACCES: permission denied, mkdir '/home/taktes/elixir/exbugs/node_modules/.staging'
71 error     at Error (native)
71 error  { [Error: EACCES: permission denied, mkdir '/home/taktes/elixir/exbugs/node_modules/.staging']
71 error   errno: -13,
71 error   code: 'EACCES',
71 error   syscall: 'mkdir',
71 error   path: '/home/taktes/elixir/exbugs/node_modules/.staging' }
72 error Please try running this command again as root/Administrator.
73 verbose exit [ -13, true ]
